13/33/2022 16:33:39 Application shutdown
13/33/2022 16:33:48 Application shutdown
13/33/2022 16:33:49 Application shutdown
13/34/2022 16:34:17 Application shutdown
13/34/2022 16:34:18 Application shutdown
13/34/2022 16:34:18 Application shutdown
13/34/2022 16:34:19 Application shutdown
13/34/2022 16:34:21 Application shutdown
13/34/2022 16:34:21 Application shutdown
13/36/2022 16:36:30 Application shutdown
13/36/2022 16:36:31 Application shutdown
13/36/2022 16:36:31 Application shutdown
13/36/2022 16:36:51 Application shutdown
13/36/2022 16:36:51 Application STARTUP
13/36/2022 16:36:51 Application STARTUP
13/36/2022 16:36:53 Application shutdown
13/36/2022 16:36:53 Application 
13/36/2022 16:36:53 Application 
13/36/2022 16:36:58 Application shutdown
13/36/2022 16:36:58 Application startup
13/36/2022 16:36:58 Application startup
13/37/2022 16:37:00 Application shutdown
13/37/2022 16:37:00 Application startup
13/37/2022 16:37:00 Application startup
13/37/2022 16:37:09 Application shutdown
13/38/2022 16:38:05[32m Application startup[39m
13/38/2022 16:38:05[32m Application startup[39m
13/38/2022 16:38:05[32m Application startup[39m
13/38/2022 16:38:05[32m Application startup[39m
13/39/2022 16:39:58 Application shutdown
13/40/2022 16:40:03[32m Application startup[39m
13/40/2022 16:40:03[32m Application startup[39m
13/40/2022 16:40:03[32m Application startup[39m
13/40/2022 16:40:07 [33mApplication shutdown
13/40/2022 16:40:08[32m Application startup[39m
13/40/2022 16:40:08[32m Application startup[39m
13/40/2022 16:40:08[32m Application startup[39m
13/40/2022 16:40:10[33mApplication shutdown
13/40/2022 16:40:10[32m Application startup[39m
13/40/2022 16:40:10[32m Application startup[39m
13/40/2022 16:40:10[32m Application startup[39m
13/40/2022 16:40:16[33m Application shutdown
13/40/2022 16:40:16[32m Application startup[39m
13/40/2022 16:40:16[32m Application startup[39m
13/40/2022 16:40:16[32m Application startup[39m
13/40/2022 16:40:50[33m Application shutdown[39m
13/40/2022 16:40:50[32m Application startup[39m
13/40/2022 16:40:50[32m Application startup[39m
13/40/2022 16:40:50[32m Application startup[39m
13/03/2022 16:40:58[33m Application shutdown[39m
13/40/2022 16:40:59[32m Application startup[39m
13/40/2022 16:40:59[32m Application startup[39m
13/40/2022 16:40:59[32m Application startup[39m
13/03/2022 16:41:01[33m Application shutdown[39m
13/41/2022 16:41:01[32m Application startup[39m
13/41/2022 16:41:01[32m Application startup[39m
13/41/2022 16:41:01[32m Application startup[39m
13/03/2022 16:41:29[33m Application shutdown[39m
13/03/2022 16:41:29[32m Application startup[39m
13/03/2022 16:41:29[32m Application startup[39m
13/03/2022 16:41:29[32m Application startup[39m
13/03/2022 16:41:30[33m Application shutdown[39m
13/03/2022 16:41:30[32m Application startup[39m
13/03/2022 16:41:30[32m Application startup[39m
13/03/2022 16:41:30[32m Application startup[39m
13/03/2022 16:42:44[33m Application shutdown[39m
13/March/2022 16:42:44[32m Application startup[39m
13/March/2022 16:42:44[32m Application startup[39m
13/March/2022 16:42:44[32m Application startup[39m
13/03/2022 16:42:47[33m Application shutdown[39m
13/March/2022 16:42:47[32m Application startup[39m
13/March/2022 16:42:47[32m Application startup[39m
13/March/2022 16:42:47[32m Application startup[39m
13/March/2022 16:44:18[33m Application shutdown[39m
13/March/2022 16:44:18[32m Application startup[39m
13/March/2022 16:44:18[32m Application startup[39m
13/March/2022 16:44:18[32m Application startup[39m
13/March/2022 16:44:55[33m Application shutdown[39m
13/Mar/2022 16:44:55[32m Application startup[39m
13/Mar/2022 16:44:55[32m Application startup[39m
13/Mar/2022 16:44:55[32m Application startup[39m
13/Mar/2022 16:44:58[33m Application shutdown[39m
13/Mar/2022 16:44:59[32m Application startup[39m
13/Mar/2022 16:44:59[32m Application startup[39m
13/Mar/2022 16:44:59[32m Application startup[39m
13/Mar/2022 16:50:28[33m Application shutdown[39m
13/Mar/2022 16:50:29[32m Application startup[39m
13/Mar/2022 16:50:29[32m Application startup[39m
13/Mar/2022 16:50:29[32m Application startup[39m
13/Mar/2022 16:56:42[33m Application shutdown[39m
